<?xml version="1.0" encoding="UTF-8"?>
<testsuite name="project.wishlist.repository.WishListRepositoryTest" tests="1" skipped="0" failures="0" errors="0" timestamp="2022-05-31T13:52:31" hostname="goorm" time="0.003">
  <properties/>
  <testcase name="testApplication" classname="project.wishlist.repository.WishListRepositoryTest" time="0.003"/>
  <system-out><![CDATA[2022-05-31 13:52:31.883  INFO 4792 --- [    Test worker] .b.t.c.SpringBootTestContextBootstrapper : Neither @ContextConfiguration nor @ContextHierarchy found for test class [project.wishlist.repository.WishListRepositoryTest], using SpringBootContextLoader
2022-05-31 13:52:31.892  INFO 4792 --- [    Test worker] o.s.t.c.support.AbstractContextLoader    : Could not detect default resource locations for test class [project.wishlist.repository.WishListRepositoryTest]: no resource found for suffixes {-context.xml, Context.groovy}.
2022-05-31 13:52:31.894  INFO 4792 --- [    Test worker] t.c.s.AnnotationConfigContextLoaderUtils : Could not detect default configuration classes for test class [project.wishlist.repository.WishListRepositoryTest]: WishListRepositoryTest does not declare any static, non-private, non-final, nested classes annotated with @Configuration.
2022-05-31 13:52:31.907  INFO 4792 --- [    Test worker] .b.t.c.SpringBootTestContextBootstrapper : Found @SpringBootConfiguration project.Application for test class project.wishlist.repository.WishListRepositoryTest
2022-05-31 13:52:31.909  INFO 4792 --- [    Test worker] .b.t.c.SpringBootTestContextBootstrapper : Loaded default TestExecutionListener class names from location [META-INF/spring.factories]: [org.springframework.boot.test.autoconfigure.restdocs.RestDocsTestExecutionListener, org.springframework.boot.test.autoconfigure.web.client.MockRestServiceServerResetTestExecutionListener, org.springframework.boot.test.autoconfigure.web.servlet.MockMvcPrintOnlyOnFailureTestExecutionListener, org.springframework.boot.test.autoconfigure.web.servlet.WebDriverTestExecutionListener, org.springframework.boot.test.mock.mockito.MockitoTestExecutionListener, org.springframework.boot.test.mock.mockito.ResetMocksTestExecutionListener, org.springframework.test.context.web.ServletTestExecutionListener, org.springframework.test.context.support.DirtiesContextBeforeModesTestExecutionListener, org.springframework.test.context.support.DependencyInjectionTestExecutionListener, org.springframework.test.context.support.DirtiesContextTestExecutionListener, org.springframework.test.context.transaction.TransactionalTestExecutionListener, org.springframework.test.context.jdbc.SqlScriptsTestExecutionListener]
2022-05-31 13:52:31.911  INFO 4792 --- [    Test worker] .b.t.c.SpringBootTestContextBootstrapper : Using TestExecutionListeners: [org.springframework.test.context.web.ServletTestExecutionListener@445435b, org.springframework.test.context.support.DirtiesContextBeforeModesTestExecutionListener@e238471, org.springframework.boot.test.mock.mockito.MockitoTestExecutionListener@10481aa3, org.springframework.boot.test.autoconfigure.SpringBootDependencyInjectionTestExecutionListener@15507feb, org.springframework.test.context.support.DirtiesContextTestExecutionListener@3b21a981, org.springframework.boot.test.autoconfigure.restdocs.RestDocsTestExecutionListener@29b3b298, org.springframework.boot.test.autoconfigure.web.client.MockRestServiceServerResetTestExecutionListener@797e280f, org.springframework.boot.test.autoconfigure.web.servlet.MockMvcPrintOnlyOnFailureTestExecutionListener@6fc7afec, org.springframework.boot.test.autoconfigure.web.servlet.WebDriverTestExecutionListener@591c6e34, org.springframework.boot.test.mock.mockito.ResetMocksTestExecutionListener@6d8f20fd]
]]></system-out>
  <system-err><![CDATA[]]></system-err>
</testsuite>
