<?xml version="1.0" encoding="UTF-8"?>
<testsuite name="project.naver.NaverClientTest" tests="1" skipped="0" failures="0" errors="0" timestamp="2021-07-01T14:08:22" hostname="goorm" time="0.007">
  <properties/>
  <testcase name="testApplication" classname="project.naver.NaverClientTest" time="0.007"/>
  <system-out><![CDATA[2021-07-01 14:08:22.582  INFO 5755 --- [    Test worker] .b.t.c.SpringBootTestContextBootstrapper : Neither @ContextConfiguration nor @ContextHierarchy found for test class [project.naver.NaverClientTest], using SpringBootContextLoader
2021-07-01 14:08:22.592  INFO 5755 --- [    Test worker] o.s.t.c.support.AbstractContextLoader    : Could not detect default resource locations for test class [project.naver.NaverClientTest]: no resource found for suffixes {-context.xml, Context.groovy}.
2021-07-01 14:08:22.592  INFO 5755 --- [    Test worker] t.c.s.AnnotationConfigContextLoaderUtils : Could not detect default configuration classes for test class [project.naver.NaverClientTest]: NaverClientTest does not declare any static, non-private, non-final, nested classes annotated with @Configuration.
2021-07-01 14:08:22.627  INFO 5755 --- [    Test worker] .b.t.c.SpringBootTestContextBootstrapper : Found @SpringBootConfiguration project.Application for test class project.naver.NaverClientTest
2021-07-01 14:08:22.629  INFO 5755 --- [    Test worker] .b.t.c.SpringBootTestContextBootstrapper : Loaded default TestExecutionListener class names from location [META-INF/spring.factories]: [org.springframework.boot.test.autoconfigure.restdocs.RestDocsTestExecutionListener, org.springframework.boot.test.autoconfigure.web.client.MockRestServiceServerResetTestExecutionListener, org.springframework.boot.test.autoconfigure.web.servlet.MockMvcPrintOnlyOnFailureTestExecutionListener, org.springframework.boot.test.autoconfigure.web.servlet.WebDriverTestExecutionListener, org.springframework.boot.test.mock.mockito.MockitoTestExecutionListener, org.springframework.boot.test.mock.mockito.ResetMocksTestExecutionListener, org.springframework.test.context.web.ServletTestExecutionListener, org.springframework.test.context.support.DirtiesContextBeforeModesTestExecutionListener, org.springframework.test.context.support.DependencyInjectionTestExecutionListener, org.springframework.test.context.support.DirtiesContextTestExecutionListener, org.springframework.test.context.transaction.TransactionalTestExecutionListener, org.springframework.test.context.jdbc.SqlScriptsTestExecutionListener]
2021-07-01 14:08:22.637  INFO 5755 --- [    Test worker] .b.t.c.SpringBootTestContextBootstrapper : Using TestExecutionListeners: [org.springframework.test.context.web.ServletTestExecutionListener@15a3e34c, org.springframework.test.context.support.DirtiesContextBeforeModesTestExecutionListener@4d55b574, org.springframework.boot.test.mock.mockito.MockitoTestExecutionListener@67ea9956, org.springframework.boot.test.autoconfigure.SpringBootDependencyInjectionTestExecutionListener@73e9c4f3, org.springframework.test.context.support.DirtiesContextTestExecutionListener@79dae041, org.springframework.boot.test.autoconfigure.restdocs.RestDocsTestExecutionListener@19c4041b, org.springframework.boot.test.autoconfigure.web.client.MockRestServiceServerResetTestExecutionListener@2ad71e5c, org.springframework.boot.test.autoconfigure.web.servlet.MockMvcPrintOnlyOnFailureTestExecutionListener@17a499a9, org.springframework.boot.test.autoconfigure.web.servlet.WebDriverTestExecutionListener@39d2abf4, org.springframework.boot.test.mock.mockito.ResetMocksTestExecutionListener@8f8409]
]]></system-out>
  <system-err><![CDATA[]]></system-err>
</testsuite>
