<?xml version="1.0" encoding="UTF-8"?>
<testsuite name="project.wishlist.repository.WishListRepositoryTest" tests="1" skipped="0" failures="0" errors="0" timestamp="2021-07-01T14:08:22" hostname="goorm" time="0.021">
  <properties/>
  <testcase name="testApplication" classname="project.wishlist.repository.WishListRepositoryTest" time="0.021"/>
  <system-out><![CDATA[2021-07-01 14:08:22.465  INFO 5755 --- [    Test worker] .b.t.c.SpringBootTestContextBootstrapper : Neither @ContextConfiguration nor @ContextHierarchy found for test class [project.wishlist.repository.WishListRepositoryTest], using SpringBootContextLoader
2021-07-01 14:08:22.467  INFO 5755 --- [    Test worker] o.s.t.c.support.AbstractContextLoader    : Could not detect default resource locations for test class [project.wishlist.repository.WishListRepositoryTest]: no resource found for suffixes {-context.xml, Context.groovy}.
2021-07-01 14:08:22.468  INFO 5755 --- [    Test worker] t.c.s.AnnotationConfigContextLoaderUtils : Could not detect default configuration classes for test class [project.wishlist.repository.WishListRepositoryTest]: WishListRepositoryTest does not declare any static, non-private, non-final, nested classes annotated with @Configuration.
2021-07-01 14:08:22.488  INFO 5755 --- [    Test worker] .b.t.c.SpringBootTestContextBootstrapper : Found @SpringBootConfiguration project.Application for test class project.wishlist.repository.WishListRepositoryTest
2021-07-01 14:08:22.517  INFO 5755 --- [    Test worker] .b.t.c.SpringBootTestContextBootstrapper : Loaded default TestExecutionListener class names from location [META-INF/spring.factories]: [org.springframework.boot.test.autoconfigure.restdocs.RestDocsTestExecutionListener, org.springframework.boot.test.autoconfigure.web.client.MockRestServiceServerResetTestExecutionListener, org.springframework.boot.test.autoconfigure.web.servlet.MockMvcPrintOnlyOnFailureTestExecutionListener, org.springframework.boot.test.autoconfigure.web.servlet.WebDriverTestExecutionListener, org.springframework.boot.test.mock.mockito.MockitoTestExecutionListener, org.springframework.boot.test.mock.mockito.ResetMocksTestExecutionListener, org.springframework.test.context.web.ServletTestExecutionListener, org.springframework.test.context.support.DirtiesContextBeforeModesTestExecutionListener, org.springframework.test.context.support.DependencyInjectionTestExecutionListener, org.springframework.test.context.support.DirtiesContextTestExecutionListener, org.springframework.test.context.transaction.TransactionalTestExecutionListener, org.springframework.test.context.jdbc.SqlScriptsTestExecutionListener]
2021-07-01 14:08:22.537  INFO 5755 --- [    Test worker] .b.t.c.SpringBootTestContextBootstrapper : Using TestExecutionListeners: [org.springframework.test.context.web.ServletTestExecutionListener@5c1761a5, org.springframework.test.context.support.DirtiesContextBeforeModesTestExecutionListener@1a5715af, org.springframework.boot.test.mock.mockito.MockitoTestExecutionListener@67564c00, org.springframework.boot.test.autoconfigure.SpringBootDependencyInjectionTestExecutionListener@3ea2c8a, org.springframework.test.context.support.DirtiesContextTestExecutionListener@64977f1b, org.springframework.boot.test.autoconfigure.restdocs.RestDocsTestExecutionListener@464fe44b, org.springframework.boot.test.autoconfigure.web.client.MockRestServiceServerResetTestExecutionListener@132c96ce, org.springframework.boot.test.autoconfigure.web.servlet.MockMvcPrintOnlyOnFailureTestExecutionListener@41f0665d, org.springframework.boot.test.autoconfigure.web.servlet.WebDriverTestExecutionListener@1e40a6df, org.springframework.boot.test.mock.mockito.ResetMocksTestExecutionListener@271464e0]
]]></system-out>
  <system-err><![CDATA[]]></system-err>
</testsuite>
