<?xml version="1.0" encoding="UTF-8"?>
<testsuite name="project.naver.NaverClientTest" tests="1" skipped="0" failures="0" errors="0" timestamp="2022-05-31T13:52:31" hostname="goorm" time="0.002">
  <properties/>
  <testcase name="testApplication" classname="project.naver.NaverClientTest" time="0.002"/>
  <system-out><![CDATA[2022-05-31 13:52:31.919  INFO 4792 --- [    Test worker] .b.t.c.SpringBootTestContextBootstrapper : Neither @ContextConfiguration nor @ContextHierarchy found for test class [project.naver.NaverClientTest], using SpringBootContextLoader
2022-05-31 13:52:31.921  INFO 4792 --- [    Test worker] o.s.t.c.support.AbstractContextLoader    : Could not detect default resource locations for test class [project.naver.NaverClientTest]: no resource found for suffixes {-context.xml, Context.groovy}.
2022-05-31 13:52:31.921  INFO 4792 --- [    Test worker] t.c.s.AnnotationConfigContextLoaderUtils : Could not detect default configuration classes for test class [project.naver.NaverClientTest]: NaverClientTest does not declare any static, non-private, non-final, nested classes annotated with @Configuration.
2022-05-31 13:52:31.928  INFO 4792 --- [    Test worker] .b.t.c.SpringBootTestContextBootstrapper : Found @SpringBootConfiguration project.Application for test class project.naver.NaverClientTest
2022-05-31 13:52:31.930  INFO 4792 --- [    Test worker] .b.t.c.SpringBootTestContextBootstrapper : Loaded default TestExecutionListener class names from location [META-INF/spring.factories]: [org.springframework.boot.test.autoconfigure.restdocs.RestDocsTestExecutionListener, org.springframework.boot.test.autoconfigure.web.client.MockRestServiceServerResetTestExecutionListener, org.springframework.boot.test.autoconfigure.web.servlet.MockMvcPrintOnlyOnFailureTestExecutionListener, org.springframework.boot.test.autoconfigure.web.servlet.WebDriverTestExecutionListener, org.springframework.boot.test.mock.mockito.MockitoTestExecutionListener, org.springframework.boot.test.mock.mockito.ResetMocksTestExecutionListener, org.springframework.test.context.web.ServletTestExecutionListener, org.springframework.test.context.support.DirtiesContextBeforeModesTestExecutionListener, org.springframework.test.context.support.DependencyInjectionTestExecutionListener, org.springframework.test.context.support.DirtiesContextTestExecutionListener, org.springframework.test.context.transaction.TransactionalTestExecutionListener, org.springframework.test.context.jdbc.SqlScriptsTestExecutionListener]
2022-05-31 13:52:31.931  INFO 4792 --- [    Test worker] .b.t.c.SpringBootTestContextBootstrapper : Using TestExecutionListeners: [org.springframework.test.context.web.ServletTestExecutionListener@361625f9, org.springframework.test.context.support.DirtiesContextBeforeModesTestExecutionListener@18af343c, org.springframework.boot.test.mock.mockito.MockitoTestExecutionListener@316e6a9b, org.springframework.boot.test.autoconfigure.SpringBootDependencyInjectionTestExecutionListener@6e4948f8, org.springframework.test.context.support.DirtiesContextTestExecutionListener@69779125, org.springframework.boot.test.autoconfigure.restdocs.RestDocsTestExecutionListener@89846e3, org.springframework.boot.test.autoconfigure.web.client.MockRestServiceServerResetTestExecutionListener@4ae0dfd9, org.springframework.boot.test.autoconfigure.web.servlet.MockMvcPrintOnlyOnFailureTestExecutionListener@6eca40f5, org.springframework.boot.test.autoconfigure.web.servlet.WebDriverTestExecutionListener@3be11ab0, org.springframework.boot.test.mock.mockito.ResetMocksTestExecutionListener@7104ec71]
]]></system-out>
  <system-err><![CDATA[]]></system-err>
</testsuite>
