<?xml version="1.0" encoding="UTF-8"?>
<testsuite name="project.ApplicationTests" tests="1" skipped="0" failures="0" errors="0" timestamp="2022-05-31T13:52:31" hostname="goorm" time="0.005">
  <properties/>
  <testcase name="testApplication" classname="project.ApplicationTests" time="0.005"/>
  <system-out><![CDATA[2022-05-31 13:52:31.939  INFO 4792 --- [    Test worker] .b.t.c.SpringBootTestContextBootstrapper : Neither @ContextConfiguration nor @ContextHierarchy found for test class [project.ApplicationTests], using SpringBootContextLoader
2022-05-31 13:52:31.940  INFO 4792 --- [    Test worker] o.s.t.c.support.AbstractContextLoader    : Could not detect default resource locations for test class [project.ApplicationTests]: no resource found for suffixes {-context.xml, Context.groovy}.
2022-05-31 13:52:31.940  INFO 4792 --- [    Test worker] t.c.s.AnnotationConfigContextLoaderUtils : Could not detect default configuration classes for test class [project.ApplicationTests]: ApplicationTests does not declare any static, non-private, non-final, nested classes annotated with @Configuration.
2022-05-31 13:52:31.944  INFO 4792 --- [    Test worker] .b.t.c.SpringBootTestContextBootstrapper : Found @SpringBootConfiguration project.Application for test class project.ApplicationTests
2022-05-31 13:52:31.946  INFO 4792 --- [    Test worker] .b.t.c.SpringBootTestContextBootstrapper : Loaded default TestExecutionListener class names from location [META-INF/spring.factories]: [org.springframework.boot.test.autoconfigure.restdocs.RestDocsTestExecutionListener, org.springframework.boot.test.autoconfigure.web.client.MockRestServiceServerResetTestExecutionListener, org.springframework.boot.test.autoconfigure.web.servlet.MockMvcPrintOnlyOnFailureTestExecutionListener, org.springframework.boot.test.autoconfigure.web.servlet.WebDriverTestExecutionListener, org.springframework.boot.test.mock.mockito.MockitoTestExecutionListener, org.springframework.boot.test.mock.mockito.ResetMocksTestExecutionListener, org.springframework.test.context.web.ServletTestExecutionListener, org.springframework.test.context.support.DirtiesContextBeforeModesTestExecutionListener, org.springframework.test.context.support.DependencyInjectionTestExecutionListener, org.springframework.test.context.support.DirtiesContextTestExecutionListener, org.springframework.test.context.transaction.TransactionalTestExecutionListener, org.springframework.test.context.jdbc.SqlScriptsTestExecutionListener]
2022-05-31 13:52:31.948  INFO 4792 --- [    Test worker] .b.t.c.SpringBootTestContextBootstrapper : Using TestExecutionListeners: [org.springframework.test.context.web.ServletTestExecutionListener@32a07726, org.springframework.test.context.support.DirtiesContextBeforeModesTestExecutionListener@64917267, org.springframework.boot.test.mock.mockito.MockitoTestExecutionListener@6e11e779, org.springframework.boot.test.autoconfigure.SpringBootDependencyInjectionTestExecutionListener@51409d9a, org.springframework.test.context.support.DirtiesContextTestExecutionListener@6068c9d3, org.springframework.boot.test.autoconfigure.restdocs.RestDocsTestExecutionListener@f858df3, org.springframework.boot.test.autoconfigure.web.client.MockRestServiceServerResetTestExecutionListener@6e4e9955, org.springframework.boot.test.autoconfigure.web.servlet.MockMvcPrintOnlyOnFailureTestExecutionListener@3bb7754b, org.springframework.boot.test.autoconfigure.web.servlet.WebDriverTestExecutionListener@1db705bf, org.springframework.boot.test.mock.mockito.ResetMocksTestExecutionListener@3efef9ef]
]]></system-out>
  <system-err><![CDATA[]]></system-err>
</testsuite>
