<?xml version="1.0" encoding="UTF-8"?>
<testsuite name="project.ApplicationTests" tests="1" skipped="0" failures="0" errors="0" timestamp="2021-07-01T14:08:22" hostname="goorm" time="0.031">
  <properties/>
  <testcase name="testApplication" classname="project.ApplicationTests" time="0.031"/>
  <system-out><![CDATA[2021-07-01 14:08:22.676  INFO 5755 --- [    Test worker] .b.t.c.SpringBootTestContextBootstrapper : Neither @ContextConfiguration nor @ContextHierarchy found for test class [project.ApplicationTests], using SpringBootContextLoader
2021-07-01 14:08:22.677  INFO 5755 --- [    Test worker] o.s.t.c.support.AbstractContextLoader    : Could not detect default resource locations for test class [project.ApplicationTests]: no resource found for suffixes {-context.xml, Context.groovy}.
2021-07-01 14:08:22.680  INFO 5755 --- [    Test worker] t.c.s.AnnotationConfigContextLoaderUtils : Could not detect default configuration classes for test class [project.ApplicationTests]: ApplicationTests does not declare any static, non-private, non-final, nested classes annotated with @Configuration.
2021-07-01 14:08:22.732  INFO 5755 --- [    Test worker] .b.t.c.SpringBootTestContextBootstrapper : Found @SpringBootConfiguration project.Application for test class project.ApplicationTests
2021-07-01 14:08:22.754  INFO 5755 --- [    Test worker] .b.t.c.SpringBootTestContextBootstrapper : Loaded default TestExecutionListener class names from location [META-INF/spring.factories]: [org.springframework.boot.test.autoconfigure.restdocs.RestDocsTestExecutionListener, org.springframework.boot.test.autoconfigure.web.client.MockRestServiceServerResetTestExecutionListener, org.springframework.boot.test.autoconfigure.web.servlet.MockMvcPrintOnlyOnFailureTestExecutionListener, org.springframework.boot.test.autoconfigure.web.servlet.WebDriverTestExecutionListener, org.springframework.boot.test.mock.mockito.MockitoTestExecutionListener, org.springframework.boot.test.mock.mockito.ResetMocksTestExecutionListener, org.springframework.test.context.web.ServletTestExecutionListener, org.springframework.test.context.support.DirtiesContextBeforeModesTestExecutionListener, org.springframework.test.context.support.DependencyInjectionTestExecutionListener, org.springframework.test.context.support.DirtiesContextTestExecutionListener, org.springframework.test.context.transaction.TransactionalTestExecutionListener, org.springframework.test.context.jdbc.SqlScriptsTestExecutionListener]
2021-07-01 14:08:22.781  INFO 5755 --- [    Test worker] .b.t.c.SpringBootTestContextBootstrapper : Using TestExecutionListeners: [org.springframework.test.context.web.ServletTestExecutionListener@d436756, org.springframework.test.context.support.DirtiesContextBeforeModesTestExecutionListener@7190053b, org.springframework.boot.test.mock.mockito.MockitoTestExecutionListener@2105c13c, org.springframework.boot.test.autoconfigure.SpringBootDependencyInjectionTestExecutionListener@17fd56c4, org.springframework.test.context.support.DirtiesContextTestExecutionListener@192eaba, org.springframework.boot.test.autoconfigure.restdocs.RestDocsTestExecutionListener@70da9e6e, org.springframework.boot.test.autoconfigure.web.client.MockRestServiceServerResetTestExecutionListener@7f59bd68, org.springframework.boot.test.autoconfigure.web.servlet.MockMvcPrintOnlyOnFailureTestExecutionListener@26f9f31, org.springframework.boot.test.autoconfigure.web.servlet.WebDriverTestExecutionListener@14be72fc, org.springframework.boot.test.mock.mockito.ResetMocksTestExecutionListener@3033a7eb]
]]></system-out>
  <system-err><![CDATA[]]></system-err>
</testsuite>
